C:\USERS\KEROLOS ISHAK\DESKTOP\CONWAY-GAME-OF-LIFE\BUILD\OBJ\DEBUG\CONWAYGAME.OBJ
C:\USERS\KEROLOS ISHAK\DESKTOP\CONWAY-GAME-OF-LIFE\BUILD\OBJ\DEBUG\CONWAYUNIVERSE.OBJ
C:\USERS\KEROLOS ISHAK\DESKTOP\CONWAY-GAME-OF-LIFE\BUILD\OBJ\DEBUG\PARALLELCONWAYSIMULATOR.OBJ
C:\USERS\KEROLOS ISHAK\DESKTOP\CONWAY-GAME-OF-LIFE\BUILD\OBJ\DEBUG\SERIALCONWAYSIMULATOR.OBJ
C:\USERS\KEROLOS ISHAK\DESKTOP\CONWAY-GAME-OF-LIFE\BUILD\OBJ\DEBUG\MAIN.OBJ
C:\USERS\KEROLOS ISHAK\DESKTOP\CONWAY-GAME-OF-LIFE\BUILD\OBJ\DEBUG\VC110.PDB
C:\USERS\KEROLOS ISHAK\DESKTOP\CONWAY-GAME-OF-LIFE\BIN\DEBUG\CONWAY-GAME-OF-LIFE.ILK
C:\USERS\KEROLOS ISHAK\DESKTOP\CONWAY-GAME-OF-LIFE\BIN\DEBUG\CONWAY-GAME-OF-LIFE.EXE
C:\USERS\KEROLOS ISHAK\DESKTOP\CONWAY-GAME-OF-LIFE\BIN\DEBUG\CONWAY-GAME-OF-LIFE.PDB
C:\Users\Kerolos Ishak\Desktop\Conway-Game-Of-Life\build\obj\Debug\ConwayGame.obj
C:\Users\Kerolos Ishak\Desktop\Conway-Game-Of-Life\build\obj\Debug\ConwayUniverse.obj
C:\Users\Kerolos Ishak\Desktop\Conway-Game-Of-Life\build\obj\Debug\main.obj
C:\Users\Kerolos Ishak\Desktop\Conway-Game-Of-Life\build\obj\Debug\ParallelConwaySimulator.obj
C:\Users\Kerolos Ishak\Desktop\Conway-Game-Of-Life\build\obj\Debug\SerialConwaySimulator.obj
C:\Users\Kerolos Ishak\Desktop\Conway-Game-Of-Life\build\obj\Debug\cl.command.1.tlog
C:\Users\Kerolos Ishak\Desktop\Conway-Game-Of-Life\build\obj\Debug\CL.read.1.tlog
C:\Users\Kerolos Ishak\Desktop\Conway-Game-Of-Life\build\obj\Debug\CL.write.1.tlog
C:\Users\Kerolos Ishak\Desktop\Conway-Game-Of-Life\build\obj\Debug\link-cvtres.read.1.tlog
C:\Users\Kerolos Ishak\Desktop\Conway-Game-Of-Life\build\obj\Debug\link-cvtres.write.1.tlog
C:\Users\Kerolos Ishak\Desktop\Conway-Game-Of-Life\build\obj\Debug\link-rc.read.1.tlog
C:\Users\Kerolos Ishak\Desktop\Conway-Game-Of-Life\build\obj\Debug\link-rc.write.1.tlog
C:\Users\Kerolos Ishak\Desktop\Conway-Game-Of-Life\build\obj\Debug\link.12108-cvtres.read.1.tlog
C:\Users\Kerolos Ishak\Desktop\Conway-Game-Of-Life\build\obj\Debug\link.12108-cvtres.write.1.tlog
C:\Users\Kerolos Ishak\Desktop\Conway-Game-Of-Life\build\obj\Debug\link.12108-rc.read.1.tlog
C:\Users\Kerolos Ishak\Desktop\Conway-Game-Of-Life\build\obj\Debug\link.12108-rc.write.1.tlog
C:\Users\Kerolos Ishak\Desktop\Conway-Game-Of-Life\build\obj\Debug\link.12108.read.1.tlog
C:\Users\Kerolos Ishak\Desktop\Conway-Game-Of-Life\build\obj\Debug\link.12108.write.1.tlog
C:\Users\Kerolos Ishak\Desktop\Conway-Game-Of-Life\build\obj\Debug\link.13112-cvtres.read.1.tlog
C:\Users\Kerolos Ishak\Desktop\Conway-Game-Of-Life\build\obj\Debug\link.13112-cvtres.write.1.tlog
C:\Users\Kerolos Ishak\Desktop\Conway-Game-Of-Life\build\obj\Debug\link.13112-rc.read.1.tlog
C:\Users\Kerolos Ishak\Desktop\Conway-Game-Of-Life\build\obj\Debug\link.13112-rc.write.1.tlog
C:\Users\Kerolos Ishak\Desktop\Conway-Game-Of-Life\build\obj\Debug\link.13112.read.1.tlog
C:\Users\Kerolos Ishak\Desktop\Conway-Game-Of-Life\build\obj\Debug\link.13112.write.1.tlog
C:\Users\Kerolos Ishak\Desktop\Conway-Game-Of-Life\build\obj\Debug\link.13176-cvtres.read.1.tlog
C:\Users\Kerolos Ishak\Desktop\Conway-Game-Of-Life\build\obj\Debug\link.13176-cvtres.write.1.tlog
C:\Users\Kerolos Ishak\Desktop\Conway-Game-Of-Life\build\obj\Debug\link.13176-rc.read.1.tlog
C:\Users\Kerolos Ishak\Desktop\Conway-Game-Of-Life\build\obj\Debug\link.13176-rc.write.1.tlog
C:\Users\Kerolos Ishak\Desktop\Conway-Game-Of-Life\build\obj\Debug\link.13176.read.1.tlog
C:\Users\Kerolos Ishak\Desktop\Conway-Game-Of-Life\build\obj\Debug\link.13176.write.1.tlog
C:\Users\Kerolos Ishak\Desktop\Conway-Game-Of-Life\build\obj\Debug\link.9184-cvtres.read.1.tlog
C:\Users\Kerolos Ishak\Desktop\Conway-Game-Of-Life\build\obj\Debug\link.9184-cvtres.write.1.tlog
C:\Users\Kerolos Ishak\Desktop\Conway-Game-Of-Life\build\obj\Debug\link.9184-rc.read.1.tlog
C:\Users\Kerolos Ishak\Desktop\Conway-Game-Of-Life\build\obj\Debug\link.9184-rc.write.1.tlog
C:\Users\Kerolos Ishak\Desktop\Conway-Game-Of-Life\build\obj\Debug\link.9184.read.1.tlog
C:\Users\Kerolos Ishak\Desktop\Conway-Game-Of-Life\build\obj\Debug\link.9184.write.1.tlog
C:\Users\Kerolos Ishak\Desktop\Conway-Game-Of-Life\build\obj\Debug\link.command.1.tlog
C:\Users\Kerolos Ishak\Desktop\Conway-Game-Of-Life\build\obj\Debug\link.read.1.tlog
C:\Users\Kerolos Ishak\Desktop\Conway-Game-Of-Life\build\obj\Debug\link.write.1.tlog
C:\Users\Kerolos Ishak\Desktop\Conway-Game-Of-Life\build\obj\Debug\vc110.idb
C:\Users\Kerolos Ishak\Desktop\Conway-Game-Of-Life\build\obj\Debug\vc110.pdb
C:\Users\Kerolos Ishak\Desktop\Conway-Game-Of-Life\build\..\bin\Debug\Conway-Game-Of-Life.exe
